# JRE version: OpenJDK Runtime Environment (17.0.6) (build 17.0.6+0-17.0.6b829.9-10027231)
# Java VM: OpenJDK 64-Bit Server VM (17.0.6+0-17.0.6b829.9-10027231, mixed mode, tiered, compressed oops, compressed class ptrs, g1 gc, linux-amd64)
GC Precious Log:
 CPUs: 6 total, 6 available
 Memory: 7724M
 Large Page Support: Disabled
 NUMA Support: Disabled
 Compressed Oops: Enabled (32-bit)
 Heap Region Size: 1M
 Heap Min Capacity: 8M
 Heap Initial Capacity: 122M
 Heap Max Capacity: 2G
 Pre-touch: Disabled
 Parallel Workers: 6
 Concurrent Workers: 2
 Concurrent Refinement Workers: 6
 Periodic GC: Disabled
Heap:
 garbage-first heap   total 435200K, used 190455K [0x0000000080000000, 0x0000000100000000)
  region size 1024K, 2 young (2048K), 2 survivors (2048K)
 Metaspace       used 116368K, committed 117120K, reserved 1155072K
  class space    used 15815K, committed 16192K, reserved 1048576K
GC Heap History (20 events):
Event: 17.305 GC heap after
{Heap after GC invocations=34 (full 0):
 garbage-first heap   total 206848K, used 95048K [0x0000000080000000, 0x0000000100000000)
  region size 1024K, 1 young (1024K), 1 survivors (1024K)
 Metaspace       used 101646K, committed 102336K, reserved 1138688K
  class space    used 13588K, committed 13888K, reserved 1048576K
}
Event: 17.662 GC heap before
{Heap before GC invocations=34 (full 0):
 garbage-first heap   total 206848K, used 139080K [0x0000000080000000, 0x0000000100000000)
  region size 1024K, 46 young (47104K), 1 survivors (1024K)
 Metaspace       used 102385K, committed 103168K, reserved 1138688K
  class space    used 13700K, committed 14080K, reserved 1048576K
}
Event: 17.667 GC heap after
{Heap after GC invocations=35 (full 0):
 garbage-first heap   total 206848K, used 106167K [0x0000000080000000, 0x0000000100000000)
  region size 1024K, 9 young (9216K), 9 survivors (9216K)
 Metaspace       used 102385K, committed 103168K, reserved 1138688K
  class space    used 13700K, committed 14080K, reserved 1048576K
}
Event: 18.153 GC heap before
{Heap before GC invocations=36 (full 0):
 garbage-first heap   total 208896K, used 158391K [0x0000000080000000, 0x0000000100000000)
  region size 1024K, 61 young (62464K), 9 survivors (9216K)
 Metaspace       used 105324K, committed 106048K, reserved 1146880K
  class space    used 14139K, committed 14528K, reserved 1048576K
}
Event: 18.158 GC heap after
{Heap after GC invocations=37 (full 0):
 garbage-first heap   total 208896K, used 112512K [0x0000000080000000, 0x0000000100000000)
  region size 1024K, 8 young (8192K), 8 survivors (8192K)
 Metaspace       used 105324K, committed 106048K, reserved 1146880K
  class space    used 14139K, committed 14528K, reserved 1048576K
}
Event: 18.183 GC heap before
{Heap before GC invocations=37 (full 0):
 garbage-first heap   total 208896K, used 114560K [0x0000000080000000, 0x0000000100000000)
  region size 1024K, 10 young (10240K), 8 survivors (8192K)
 Metaspace       used 105743K, committed 106496K, reserved 1146880K
  class space    used 14202K, committed 14592K, reserved 1048576K
}
Event: 18.187 GC heap after
{Heap after GC invocations=38 (full 0):
 garbage-first heap   total 208896K, used 108723K [0x0000000080000000, 0x0000000100000000)
  region size 1024K, 1 young (1024K), 1 survivors (1024K)
 Metaspace       used 105743K, committed 106496K, reserved 1146880K
  class space    used 14202K, committed 14592K, reserved 1048576K
}
Event: 18.287 GC heap before
{Heap before GC invocations=38 (full 0):
 garbage-first heap   total 208896K, used 158899K [0x0000000080000000, 0x0000000100000000)
  region size 1024K, 51 young (52224K), 1 survivors (1024K)
 Metaspace       used 106785K, committed 107456K, reserved 1146880K
  class space    used 14310K, committed 14656K, reserved 1048576K
}
Event: 18.297 GC heap after
{Heap after GC invocations=39 (full 0):
 garbage-first heap   total 417792K, used 120232K [0x0000000080000000, 0x0000000100000000)
  region size 1024K, 7 young (7168K), 7 survivors (7168K)
 Metaspace       used 106785K, committed 107456K, reserved 1146880K
  class space    used 14310K, committed 14656K, reserved 1048576K
}
Event: 18.664 GC heap before
{Heap before GC invocations=40 (full 0):
 garbage-first heap   total 417792K, used 303528K [0x0000000080000000, 0x0000000100000000)
  region size 1024K, 187 young (191488K), 7 survivors (7168K)
 Metaspace       used 110643K, committed 111360K, reserved 1146880K
  class space    used 14907K, committed 15296K, reserved 1048576K
}
Event: 18.690 GC heap after
{Heap after GC invocations=41 (full 0):
 garbage-first heap   total 417792K, used 151890K [0x0000000080000000, 0x0000000100000000)
  region size 1024K, 24 young (24576K), 24 survivors (24576K)
 Metaspace       used 110643K, committed 111360K, reserved 1146880K
  class space    used 14907K, committed 15296K, reserved 1048576K
}
Event: 18.695 GC heap before
{Heap before GC invocations=41 (full 0):
 garbage-first heap   total 417792K, used 152914K [0x0000000080000000, 0x0000000100000000)
  region size 1024K, 25 young (25600K), 24 survivors (24576K)
 Metaspace       used 110729K, committed 111424K, reserved 1146880K
  class space    used 14914K, committed 15296K, reserved 1048576K
}
Event: 18.709 GC heap after
{Heap after GC invocations=42 (full 0):
 garbage-first heap   total 417792K, used 154367K [0x0000000080000000, 0x0000000100000000)
  region size 1024K, 3 young (3072K), 3 survivors (3072K)
 Metaspace       used 110729K, committed 111424K, reserved 1146880K
  class space    used 14914K, committed 15296K, reserved 1048576K
}
Event: 18.859 GC heap before
{Heap before GC invocations=42 (full 0):
 garbage-first heap   total 417792K, used 290559K [0x0000000080000000, 0x0000000100000000)
  region size 1024K, 136 young (139264K), 3 survivors (3072K)
 Metaspace       used 112242K, committed 113024K, reserved 1146880K
  class space    used 15182K, committed 15552K, reserved 1048576K
}
Event: 18.876 GC heap after
{Heap after GC invocations=43 (full 0):
 garbage-first heap   total 417792K, used 174080K [0x0000000080000000, 0x0000000100000000)
  region size 1024K, 17 young (17408K), 17 survivors (17408K)
 Metaspace       used 112242K, committed 113024K, reserved 1146880K
  class space    used 15182K, committed 15552K, reserved 1048576K
}
Event: 19.185 GC heap before
{Heap before GC invocations=44 (full 0):
 garbage-first heap   total 435200K, used 305152K [0x0000000080000000, 0x0000000100000000)
  region size 1024K, 145 young (148480K), 17 survivors (17408K)
 Metaspace       used 115395K, committed 116096K, reserved 1155072K
  class space    used 15743K, committed 16064K, reserved 1048576K
}
Event: 19.209 GC heap after
{Heap after GC invocations=45 (full 0):
 garbage-first heap   total 435200K, used 191501K [0x0000000080000000, 0x0000000100000000)
  region size 1024K, 17 young (17408K), 17 survivors (17408K)
 Metaspace       used 115395K, committed 116096K, reserved 1155072K
  class space    used 15743K, committed 16064K, reserved 1048576K
}
Event: 19.222 GC heap before
{Heap before GC invocations=45 (full 0):
 garbage-first heap   total 435200K, used 195597K [0x0000000080000000, 0x0000000100000000)
  region size 1024K, 21 young (21504K), 17 survivors (17408K)
 Metaspace       used 115427K, committed 116160K, reserved 1155072K
  class space    used 15744K, committed 16128K, reserved 1048576K
}
Event: 19.234 GC heap after
{Heap after GC invocations=46 (full 0):
 garbage-first heap   total 435200K, used 191471K [0x0000000080000000, 0x0000000100000000)
  region size 1024K, 3 young (3072K), 3 survivors (3072K)
 Metaspace       used 115427K, committed 116160K, reserved 1155072K
  class space    used 15744K, committed 16128K, reserved 1048576K
}
Event: 19.455 GC heap before
{Heap before GC invocations=46 (full 0):
 garbage-first heap   total 435200K, used 326639K [0x0000000080000000, 0x0000000100000000)
  region size 1024K, 135 young (138240K), 3 survivors (3072K)
 Metaspace       used 116368K, committed 117120K, reserved 1155072K
  class space    used 15815K, committed 16192K, reserved 1048576K
}

