# JRE version: OpenJDK Runtime Environment (17.0.6) (build 17.0.6+0-17.0.6b829.9-10027231)
# Java VM: OpenJDK 64-Bit Server VM (17.0.6+0-17.0.6b829.9-10027231, mixed mode, tiered, compressed oops, compressed class ptrs, g1 gc, linux-amd64)
GC Precious Log:
 CPUs: 6 total, 6 available
 Memory: 7724M
 Large Page Support: Disabled
 NUMA Support: Disabled
 Compressed Oops: Enabled (32-bit)
 Heap Region Size: 1M
 Heap Min Capacity: 8M
 Heap Initial Capacity: 122M
 Heap Max Capacity: 2G
 Pre-touch: Disabled
 Parallel Workers: 6
 Concurrent Workers: 2
 Concurrent Refinement Workers: 6
 Periodic GC: Disabled
Heap:
 garbage-first heap   total 500736K, used 189376K [0x0000000080000000, 0x0000000100000000)
  region size 1024K, 3 young (3072K), 3 survivors (3072K)
 Metaspace       used 111141K, committed 111744K, reserved 1146880K
  class space    used 15374K, committed 15680K, reserved 1048576K
GC Heap History (20 events):
Event: 30.181 GC heap after
{Heap after GC invocations=49 (full 0):
 garbage-first heap   total 250880K, used 133748K [0x0000000080000000, 0x0000000100000000)
  region size 1024K, 11 young (11264K), 11 survivors (11264K)
 Metaspace       used 101744K, committed 102464K, reserved 1138688K
  class space    used 13990K, committed 14336K, reserved 1048576K
}
Event: 30.278 GC heap before
{Heap before GC invocations=49 (full 0):
 garbage-first heap   total 250880K, used 196212K [0x0000000080000000, 0x0000000100000000)
  region size 1024K, 72 young (73728K), 11 survivors (11264K)
 Metaspace       used 103319K, committed 104000K, reserved 1138688K
  class space    used 14211K, committed 14528K, reserved 1048576K
}
Event: 30.298 GC heap after
{Heap after GC invocations=50 (full 0):
 garbage-first heap   total 250880K, used 144384K [0x0000000080000000, 0x0000000100000000)
  region size 1024K, 9 young (9216K), 9 survivors (9216K)
 Metaspace       used 103319K, committed 104000K, reserved 1138688K
  class space    used 14211K, committed 14528K, reserved 1048576K
}
Event: 30.372 GC heap before
{Heap before GC invocations=50 (full 0):
 garbage-first heap   total 250880K, used 198656K [0x0000000080000000, 0x0000000100000000)
  region size 1024K, 63 young (64512K), 9 survivors (9216K)
 Metaspace       used 104225K, committed 104960K, reserved 1146880K
  class space    used 14370K, committed 14720K, reserved 1048576K
}
Event: 30.385 GC heap after
{Heap after GC invocations=51 (full 0):
 garbage-first heap   total 481280K, used 153987K [0x0000000080000000, 0x0000000100000000)
  region size 1024K, 8 young (8192K), 8 survivors (8192K)
 Metaspace       used 104225K, committed 104960K, reserved 1146880K
  class space    used 14370K, committed 14720K, reserved 1048576K
}
Event: 30.798 GC heap before
{Heap before GC invocations=52 (full 0):
 garbage-first heap   total 481280K, used 349571K [0x0000000080000000, 0x0000000100000000)
  region size 1024K, 199 young (203776K), 8 survivors (8192K)
 Metaspace       used 108456K, committed 109120K, reserved 1146880K
  class space    used 15065K, committed 15360K, reserved 1048576K
}
Event: 30.835 GC heap after
{Heap after GC invocations=53 (full 0):
 garbage-first heap   total 481280K, used 181583K [0x0000000080000000, 0x0000000100000000)
  region size 1024K, 25 young (25600K), 25 survivors (25600K)
 Metaspace       used 108456K, committed 109120K, reserved 1146880K
  class space    used 15065K, committed 15360K, reserved 1048576K
}
Event: 30.838 GC heap before
{Heap before GC invocations=53 (full 0):
 garbage-first heap   total 481280K, used 182607K [0x0000000080000000, 0x0000000100000000)
  region size 1024K, 26 young (26624K), 25 survivors (25600K)
 Metaspace       used 108512K, committed 109248K, reserved 1146880K
  class space    used 15077K, committed 15424K, reserved 1048576K
}
Event: 30.866 GC heap after
{Heap after GC invocations=54 (full 0):
 garbage-first heap   total 481280K, used 183937K [0x0000000080000000, 0x0000000100000000)
  region size 1024K, 3 young (3072K), 3 survivors (3072K)
 Metaspace       used 108512K, committed 109248K, reserved 1146880K
  class space    used 15077K, committed 15424K, reserved 1048576K
}
Event: 31.149 GC heap before
{Heap before GC invocations=54 (full 0):
 garbage-first heap   total 481280K, used 347777K [0x0000000080000000, 0x0000000100000000)
  region size 1024K, 164 young (167936K), 3 survivors (3072K)
 Metaspace       used 110327K, committed 111040K, reserved 1146880K
  class space    used 15347K, committed 15680K, reserved 1048576K
}
Event: 31.154 GC heap after
{Heap after GC invocations=55 (full 0):
 garbage-first heap   total 481280K, used 184823K [0x0000000080000000, 0x0000000100000000)
  region size 1024K, 4 young (4096K), 4 survivors (4096K)
 Metaspace       used 110327K, committed 111040K, reserved 1146880K
  class space    used 15347K, committed 15680K, reserved 1048576K
}
Event: 31.388 GC heap before
{Heap before GC invocations=55 (full 0):
 garbage-first heap   total 481280K, used 364023K [0x0000000080000000, 0x0000000100000000)
  region size 1024K, 179 young (183296K), 4 survivors (4096K)
 Metaspace       used 110525K, committed 111232K, reserved 1146880K
  class space    used 15357K, committed 15680K, reserved 1048576K
}
Event: 31.394 GC heap after
{Heap after GC invocations=56 (full 0):
 garbage-first heap   total 481280K, used 186121K [0x0000000080000000, 0x0000000100000000)
  region size 1024K, 6 young (6144K), 6 survivors (6144K)
 Metaspace       used 110525K, committed 111232K, reserved 1146880K
  class space    used 15357K, committed 15680K, reserved 1048576K
}
Event: 31.642 GC heap before
{Heap before GC invocations=56 (full 0):
 garbage-first heap   total 481280K, used 379657K [0x0000000080000000, 0x0000000100000000)
  region size 1024K, 196 young (200704K), 6 survivors (6144K)
 Metaspace       used 110683K, committed 111360K, reserved 1146880K
  class space    used 15363K, committed 15680K, reserved 1048576K
}
Event: 31.651 GC heap after
{Heap after GC invocations=57 (full 0):
 garbage-first heap   total 481280K, used 190879K [0x0000000080000000, 0x0000000100000000)
  region size 1024K, 10 young (10240K), 10 survivors (10240K)
 Metaspace       used 110683K, committed 111360K, reserved 1146880K
  class space    used 15363K, committed 15680K, reserved 1048576K
}
Event: 32.002 GC heap before
{Heap before GC invocations=58 (full 0):
 garbage-first heap   total 500736K, used 389535K [0x0000000080000000, 0x0000000100000000)
  region size 1024K, 204 young (208896K), 10 survivors (10240K)
 Metaspace       used 110938K, committed 111552K, reserved 1146880K
  class space    used 15370K, committed 15680K, reserved 1048576K
}
Event: 32.010 GC heap after
{Heap after GC invocations=59 (full 0):
 garbage-first heap   total 500736K, used 191384K [0x0000000080000000, 0x0000000100000000)
  region size 1024K, 11 young (11264K), 11 survivors (11264K)
 Metaspace       used 110938K, committed 111552K, reserved 1146880K
  class space    used 15370K, committed 15680K, reserved 1048576K
}
Event: 32.030 GC heap before
{Heap before GC invocations=59 (full 0):
 garbage-first heap   total 500736K, used 203672K [0x0000000080000000, 0x0000000100000000)
  region size 1024K, 24 young (24576K), 11 survivors (11264K)
 Metaspace       used 110938K, committed 111552K, reserved 1146880K
  class space    used 15370K, committed 15680K, reserved 1048576K
}
Event: 32.037 GC heap after
{Heap after GC invocations=60 (full 0):
 garbage-first heap   total 500736K, used 189077K [0x0000000080000000, 0x0000000100000000)
  region size 1024K, 2 young (2048K), 2 survivors (2048K)
 Metaspace       used 110938K, committed 111552K, reserved 1146880K
  class space    used 15370K, committed 15680K, reserved 1048576K
}
Event: 32.324 GC heap before
{Heap before GC invocations=60 (full 0):
 garbage-first heap   total 500736K, used 416405K [0x0000000080000000, 0x0000000100000000)
  region size 1024K, 224 young (229376K), 2 survivors (2048K)
 Metaspace       used 111141K, committed 111744K, reserved 1146880K
  class space    used 15374K, committed 15680K, reserved 1048576K
}

